[INFO] 18:09:20:937 Consola/(9481:9481): Se ha creado el archivo de log con exito.

[ERROR] 18:09:20:937 Consola/(9481:9481): No se ha podido leer el archivo de config. 
Finalizando Ejecucion.
[INFO] 18:10:01:971 Consola/(9501:9501): Se ha creado el archivo de log con exito.

[ERROR] 18:10:01:975 Consola/(9501:9501): No se ha podido leer el archivo de config. 
Finalizando Ejecucion.
[INFO] 18:10:26:335 Consola/(9509:9509): Se ha creado el archivo de log con exito.

[ERROR] 18:10:26:335 Consola/(9509:9509): No se ha podido leer el archivo de config. 
Finalizando Ejecucion.
[INFO] 18:10:47:600 Consola/(9529:9529): Se ha creado el archivo de log con exito.

[INFO] 18:10:47:604 Consola/(9529:9529): Se ha leido el archivo de config con exito.
[DEBUG] 18:10:47:604 Consola/(9529:9529): Se han ingresado 2 parametros.
[DEBUG] 18:10:47:604 Consola/(9529:9529): Filepath [Parametro 1]
[DEBUG] 18:10:47:604 Consola/(9529:9529): Santiago
[DEBUG] 18:10:47:604 Consola/(9529:9529): Tamanio memoria [Parametro 2]
[DEBUG] 18:10:47:604 Consola/(9529:9529): Wu
[DEBUG] 18:10:47:605 Consola/(9529:9529): Leyendo valor de IP_KERNEL
[DEBUG] 18:10:47:605 Consola/(9529:9529): IP_KERNEL: 127.0.0.1
[DEBUG] 18:10:47:605 Consola/(9529:9529): Leyendo valor de PUERTO_KERNEL
[DEBUG] 18:10:47:605 Consola/(9529:9529): PUERTO_KERNEL: 8000
[INFO] 18:11:32:718 Consola/(9538:9538): Se ha creado el archivo de log con exito.

[INFO] 18:11:32:719 Consola/(9538:9538): Se ha leido el archivo de config con exito.
[DEBUG] 18:11:32:719 Consola/(9538:9538): Se han ingresado 2 parametros.
[DEBUG] 18:11:32:719 Consola/(9538:9538): Filepath [Parametro 1]
[DEBUG] 18:11:32:719 Consola/(9538:9538): Santiago
[DEBUG] 18:11:32:719 Consola/(9538:9538): Tamanio memoria [Parametro 2]
[DEBUG] 18:11:32:719 Consola/(9538:9538): Wu
[DEBUG] 18:11:32:719 Consola/(9538:9538): Leyendo valor de IP_KERNEL
[DEBUG] 18:11:32:719 Consola/(9538:9538): IP_KERNEL: 127.0.0.1
[DEBUG] 18:11:32:719 Consola/(9538:9538): Leyendo valor de PUERTO_KERNEL
[DEBUG] 18:11:32:720 Consola/(9538:9538): PUERTO_KERNEL: 8000
[INFO] 18:12:55:685 Consola/(9585:9585): Se ha creado el archivo de log con exito.

[INFO] 18:12:55:685 Consola/(9585:9585): Se ha leido el archivo de config con exito.
[DEBUG] 18:12:55:685 Consola/(9585:9585): Se han ingresado 2 parametros.
[DEBUG] 18:12:55:685 Consola/(9585:9585): Filepath [Parametro 1]
[DEBUG] 18:12:55:686 Consola/(9585:9585): Santiago
[DEBUG] 18:12:55:686 Consola/(9585:9585): Tamanio memoria [Parametro 2]
[DEBUG] 18:12:55:686 Consola/(9585:9585): Wu
[DEBUG] 18:12:55:686 Consola/(9585:9585): Leyendo valor de IP_KERNEL
[DEBUG] 18:12:55:686 Consola/(9585:9585): IP_KERNEL: 127.0.0.1
[DEBUG] 18:12:55:686 Consola/(9585:9585): Leyendo valor de PUERTO_KERNEL
[DEBUG] 18:12:55:686 Consola/(9585:9585): PUERTO_KERNEL: 8000
[DEBUG] 18:13:02:649 Consola/(9622:9622): Se ha creado el archivo de log con exito.

[INFO] 18:13:02:652 Consola/(9622:9622): Se ha leido el archivo de config con exito.
[INFO] 18:13:02:653 Consola/(9622:9622): Se han ingresado 2 parametros.
[INFO] 18:13:02:653 Consola/(9622:9622): Filepath [Parametro 1]
[INFO] 18:13:02:653 Consola/(9622:9622): Santiago
[INFO] 18:13:02:653 Consola/(9622:9622): Tamanio memoria [Parametro 2]
[INFO] 18:13:02:653 Consola/(9622:9622): Wu
[INFO] 18:13:02:653 Consola/(9622:9622): Leyendo valor de IP_KERNEL
[INFO] 18:13:02:653 Consola/(9622:9622): IP_KERNEL: 127.0.0.1
[INFO] 18:13:02:653 Consola/(9622:9622): Leyendo valor de PUERTO_KERNEL
[INFO] 18:13:02:653 Consola/(9622:9622): PUERTO_KERNEL: 8000
[DEBUG] 18:13:33:546 Consola/(9631:9631): Se ha creado el archivo de log con exito.

[INFO] 18:13:33:546 Consola/(9631:9631): Se ha leido el archivo de config con exito.
[INFO] 18:13:33:547 Consola/(9631:9631): Se han ingresado 2 parametros.
[INFO] 18:13:33:547 Consola/(9631:9631): Filepath [Parametro 1]
[INFO] 18:13:33:547 Consola/(9631:9631): Santiago
[INFO] 18:13:33:547 Consola/(9631:9631): Tamanio memoria [Parametro 2]
[INFO] 18:13:33:547 Consola/(9631:9631): Wu
[INFO] 18:13:33:547 Consola/(9631:9631): Leyendo valor de IP_KERNEL
[INFO] 18:13:33:547 Consola/(9631:9631): IP_KERNEL: 127.0.0.1
[INFO] 18:13:33:548 Consola/(9631:9631): Leyendo valor de PUERTO_KERNEL
[INFO] 18:13:33:548 Consola/(9631:9631): PUERTO_KERNEL: 8000
[DEBUG] 18:13:52:260 Consola/(9649:9649): Se ha creado el archivo de log con exito.

[INFO] 18:13:52:261 Consola/(9649:9649): Se ha leido el archivo de config con exito.
[INFO] 18:13:52:261 Consola/(9649:9649): Se han ingresado 2 parametros.
[INFO] 18:13:52:261 Consola/(9649:9649): Filepath [Parametro 1]
[INFO] 18:13:52:261 Consola/(9649:9649): Santiago
[INFO] 18:13:52:261 Consola/(9649:9649): Tamanio memoria [Parametro 2]
[INFO] 18:13:52:261 Consola/(9649:9649): Wu
[INFO] 18:13:52:261 Consola/(9649:9649): Leyendo valor de IP_KERNEL
[INFO] 18:13:52:262 Consola/(9649:9649): IP_KERNEL: 127.0.0.1
[INFO] 18:13:52:262 Consola/(9649:9649): Leyendo valor de PUERTO_KERNEL
[INFO] 18:13:52:262 Consola/(9649:9649): PUERTO_KERNEL: 8000
[DEBUG] 18:14:01:128 Consola/(9679:9679): Se ha creado el archivo de log con exito.

[DEBUG] 18:14:01:132 Consola/(9679:9679): Se ha leido el archivo de config con exito.
[INFO] 18:14:01:132 Consola/(9679:9679): Se han ingresado 2 parametros.
[INFO] 18:14:01:132 Consola/(9679:9679): Filepath [Parametro 1]
[INFO] 18:14:01:132 Consola/(9679:9679): Santiago
[INFO] 18:14:01:132 Consola/(9679:9679): Tamanio memoria [Parametro 2]
[INFO] 18:14:01:132 Consola/(9679:9679): Wu
[INFO] 18:14:01:133 Consola/(9679:9679): Leyendo valor de IP_KERNEL
[INFO] 18:14:01:133 Consola/(9679:9679): IP_KERNEL: 127.0.0.1
[INFO] 18:14:01:133 Consola/(9679:9679): Leyendo valor de PUERTO_KERNEL
[INFO] 18:14:01:133 Consola/(9679:9679): PUERTO_KERNEL: 8000
