
[DEBUG] 20:11:24:692 Consola/(9856:9856): Se ha creado el archivo de log con exito.

[DEBUG] 20:11:24:697 Consola/(9856:9856): Se ha leido el archivo de config con exito.
[ERROR] 20:11:24:698 Consola/(9856:9856): No se ha ingresado la cantidad de parametros correcta. Terminando ejecucion.
[DEBUG] 20:20:29:732 Consola/(10767:10767): Se ha creado el archivo de log con exito.

[DEBUG] 20:20:29:735 Consola/(10767:10767): Se ha leido el archivo de config con exito.
[INFO] 20:20:29:735 Consola/(10767:10767): Leyendo valor de IP_KERNEL
[INFO] 20:20:29:735 Consola/(10767:10767): IP_KERNEL: 127.0.0.1
[INFO] 20:20:29:735 Consola/(10767:10767): Leyendo valor de PUERTO_KERNEL
[INFO] 20:20:29:735 Consola/(10767:10767): PUERTO_KERNEL: 8000
[INFO] 20:20:29:736 Consola/(10767:10767): Se han ingresado 2 parametros.
[INFO] 20:20:29:736 Consola/(10767:10767): Filepath [Parametro 1]
[INFO] 20:20:29:736 Consola/(10767:10767): hola
[INFO] 20:20:29:736 Consola/(10767:10767): Tamanio memoria [Parametro 2]
[INFO] 20:20:29:736 Consola/(10767:10767): chau
[ERROR] 20:20:29:736 Consola/(10767:10767): Error al abrir el archivo de instrucciones. Terminando ejecucion.
[DEBUG] 21:10:47:226 Consola/(12674:12674): Se ha creado el archivo de log con exito.

[DEBUG] 21:10:47:228 Consola/(12674:12674): Se ha leido el archivo de config con exito.
[ERROR] 21:10:47:228 Consola/(12674:12674): No se ha ingresado la cantidad de parametros correcta. Terminando ejecucion.
[DEBUG] 21:11:05:445 Consola/(12685:12685): Se ha creado el archivo de log con exito.

[DEBUG] 21:11:05:445 Consola/(12685:12685): Se ha leido el archivo de config con exito.
[INFO] 21:11:05:446 Consola/(12685:12685): Leyendo valor de IP_KERNEL
[INFO] 21:11:05:446 Consola/(12685:12685): IP_KERNEL: 127.0.0.1
[INFO] 21:11:05:446 Consola/(12685:12685): Leyendo valor de PUERTO_KERNEL
[INFO] 21:11:05:446 Consola/(12685:12685): PUERTO_KERNEL: 8000
[INFO] 21:11:05:446 Consola/(12685:12685): Se han ingresado 2 parametros.
[INFO] 21:11:05:446 Consola/(12685:12685): Filepath [Parametro 1]
[INFO] 21:11:05:446 Consola/(12685:12685): hola
[INFO] 21:11:05:447 Consola/(12685:12685): Tamanio memoria [Parametro 2]
[INFO] 21:11:05:447 Consola/(12685:12685): chau
[ERROR] 21:11:05:447 Consola/(12685:12685): Error al abrir el archivo de instrucciones. Terminando ejecucion.
[DEBUG] 21:29:31:571 Consola/(13983:13983): Se ha creado el archivo de log con exito.

[DEBUG] 21:29:31:575 Consola/(13983:13983): Se ha leido el archivo de config con exito.
[ERROR] 21:29:31:575 Consola/(13983:13983): No se ha ingresado la cantidad de parametros correcta. Terminando ejecucion.
[DEBUG] 21:30:48:239 Consola/(14150:14150): Se ha creado el archivo de log con exito.

[ERROR] 21:30:48:247 Consola/(14150:14150): No se ha ingresado la cantidad de parametros correcta. Terminando ejecucion.
[DEBUG] 21:31:16:033 Consola/(14176:14176): Se ha creado el archivo de log con exito.

[INFO] 21:31:16:034 Consola/(14176:14176): Leyendo valor de IP_KERNEL
[INFO] 21:31:16:038 Consola/(14176:14176): IP_KERNEL: 127.0.0.1
[INFO] 21:31:16:038 Consola/(14176:14176): Leyendo valor de PUERTO_KERNEL
[INFO] 21:31:16:038 Consola/(14176:14176): PUERTO_KERNEL: 8000
[DEBUG] 21:31:16:038 Consola/(14176:14176): Se ha leido el archivo de config con exito.
[INFO] 21:31:16:038 Consola/(14176:14176): Se han ingresado 2 parametros.
[INFO] 21:31:16:038 Consola/(14176:14176): Filepath [Parametro 1]
[INFO] 21:31:16:038 Consola/(14176:14176): hola
[INFO] 21:31:16:038 Consola/(14176:14176): Tamanio memoria [Parametro 2]
[INFO] 21:31:16:038 Consola/(14176:14176): chau
[ERROR] 21:31:16:038 Consola/(14176:14176): Error al abrir el archivo de instrucciones. Terminando ejecucion.
[DEBUG] 21:44:26:890 Consola/(15029:15029): Se ha creado el archivo de log con exito.

[ERROR] 21:44:26:890 Consola/(15029:15029): Uso: consola path tamanio
[DEBUG] 21:44:41:057 Consola/(15039:15039): Se ha creado el archivo de log con exito.

[INFO] 21:44:41:058 Consola/(15039:15039): Leyendo valor de IP_KERNEL
[INFO] 21:44:41:058 Consola/(15039:15039): IP_KERNEL: 127.0.0.1
[INFO] 21:44:41:058 Consola/(15039:15039): Leyendo valor de PUERTO_KERNEL
[INFO] 21:44:41:058 Consola/(15039:15039): PUERTO_KERNEL: 8000
[DEBUG] 21:44:41:058 Consola/(15039:15039): Se ha leido el archivo de config con exito.
[INFO] 21:44:41:058 Consola/(15039:15039): Se han ingresado 2 parametros.
[INFO] 21:44:41:058 Consola/(15039:15039): Filepath = hola
[INFO] 21:44:41:059 Consola/(15039:15039): Tamanio memoria = chau
[ERROR] 21:44:41:059 Consola/(15039:15039): Error al abrir el archivo de instrucciones. Terminando ejecucion.
[DEBUG] 21:48:09:594 Consola/(15251:15251): Se ha creado el archivo de log con exito.

[ERROR] 21:48:09:595 Consola/(15251:15251): Uso: consola path tamanio
[DEBUG] 21:48:10:869 Consola/(15253:15253): Se ha creado el archivo de log con exito.

[INFO] 21:48:10:869 Consola/(15253:15253): Leyendo valor de IP_KERNEL
[INFO] 21:48:10:870 Consola/(15253:15253): IP_KERNEL: 127.0.0.1
[INFO] 21:48:10:870 Consola/(15253:15253): Leyendo valor de PUERTO_KERNEL
[INFO] 21:48:10:870 Consola/(15253:15253): PUERTO_KERNEL: 8000
[DEBUG] 21:48:10:870 Consola/(15253:15253): Se ha leido el archivo de config con exito.
[INFO] 21:48:10:870 Consola/(15253:15253): Se han ingresado 2 parametros:
[INFO] 21:48:10:870 Consola/(15253:15253): Filepath = "hola"
[INFO] 21:48:10:870 Consola/(15253:15253): Tamanio memoria = chau
[ERROR] 21:48:10:871 Consola/(15253:15253): Error al abrir el archivo de instrucciones. Terminando ejecucion.
[DEBUG] 15:55:29:248 Consola/(10137:10137): Se ha creado el archivo de log con exito.

[ERROR] 15:55:29:249 Consola/(10137:10137): Uso: consola path tamanio
[DEBUG] 15:59:19:768 Consola/(10603:10603): Se ha creado el archivo de log con exito.

[ERROR] 15:59:19:769 Consola/(10603:10603): Uso: consola path tamanio
[DEBUG] 16:00:31:441 Consola/(10720:10720): Se ha creado el archivo de log con exito.

[ERROR] 16:00:31:442 Consola/(10720:10720): Uso: consola path tamanio
[DEBUG] 16:01:23:294 Consola/(10817:10817): Se ha creado el archivo de log con exito.

[ERROR] 16:01:23:295 Consola/(10817:10817): Uso: consola path tamanio
[DEBUG] 16:01:34:621 Consola/(10849:10849): Se ha creado el archivo de log con exito.

[ERROR] 16:01:34:622 Consola/(10849:10849): Uso: consola path tamanio
[DEBUG] 16:03:05:611 Consola/(11028:11028): Se ha creado el archivo de log con exito.

[INFO] 16:03:05:612 Consola/(11028:11028): IP_KERNEL: 127.0.0.1
[INFO] 16:03:05:612 Consola/(11028:11028): PUERTO_KERNEL: 8000
[DEBUG] 16:03:05:613 Consola/(11028:11028): Se ha leido el archivo de config con exito.
[INFO] 16:03:05:613 Consola/(11028:11028): Se han ingresado 2 parametros:
[INFO] 16:03:05:613 Consola/(11028:11028): Filepath = "instrucciones_ejemplo.txt"
[INFO] 16:03:05:613 Consola/(11028:11028): Tamanio memoria = 5
[DEBUG] 16:03:05:613 Consola/(11028:11028): Se ha abierto el archivo de instrucciones con exito.
[ERROR] 16:03:05:626 Consola/(11028:11028): getaddrinfo: Servname not supported for ai_socktype

[ERROR] 16:03:05:627 Consola/(11028:11028): Error al intentar conectar con kernel. Finalizando...
[DEBUG] 16:15:59:148 Consola/(12332:12332): Se ha creado el archivo de log con exito.

[ERROR] 16:15:59:150 Consola/(12332:12332): Uso: consola path tamanio
[DEBUG] 16:16:09:850 Consola/(12348:12348): Se ha creado el archivo de log con exito.

[ERROR] 16:16:09:850 Consola/(12348:12348): Uso: consola path tamanio
[DEBUG] 16:17:50:203 Consola/(12557:12557): Se ha creado el archivo de log con exito.

[ERROR] 16:17:50:203 Consola/(12557:12557): Uso: consola path tamanio
[DEBUG] 16:19:30:450 Consola/(12750:12750): Se ha creado el archivo de log con exito.

[ERROR] 16:19:30:450 Consola/(12750:12750): Uso: consola path tamanio
[DEBUG] 16:21:15:202 Consola/(12927:12927): Se ha creado el archivo de log con exito.

[ERROR] 16:21:15:203 Consola/(12927:12927): Uso: consola path tamanio
[DEBUG] 16:25:46:514 Consola/(13453:13453): Se ha creado el archivo de log con exito.

[ERROR] 16:25:46:518 Consola/(13453:13453): Uso: consola path tamanio
[DEBUG] 16:25:58:742 Consola/(13479:13479): Se ha creado el archivo de log con exito.

[ERROR] 16:25:58:743 Consola/(13479:13479): Uso: consola path tamanio
[DEBUG] 16:26:10:578 Consola/(13509:13509): Se ha creado el archivo de log con exito.

[ERROR] 16:26:10:579 Consola/(13509:13509): Uso: consola path tamanio
[DEBUG] 16:26:12:274 Consola/(13513:13513): Se ha creado el archivo de log con exito.

[ERROR] 16:26:12:275 Consola/(13513:13513): Uso: consola path tamanio
[DEBUG] 16:26:21:030 Consola/(13544:13544): Se ha creado el archivo de log con exito.

[ERROR] 16:26:21:030 Consola/(13544:13544): Uso: consola path tamanio
[DEBUG] 16:26:31:865 Consola/(13563:13563): Se ha creado el archivo de log con exito.

[DEBUG] 16:27:22:360 Consola/(13628:13628): Se ha creado el archivo de log con exito.

[DEBUG] 16:27:24:814 Consola/(13638:13638): Se ha creado el archivo de log con exito.

[ERROR] 16:27:24:816 Consola/(13638:13638): Uso: consola path tamanio
[DEBUG] 16:27:43:031 Consola/(13689:13689): Se ha creado el archivo de log con exito.

[ERROR] 16:27:43:031 Consola/(13689:13689): Uso: consola path tamanio
[DEBUG] 16:27:46:093 Consola/(13694:13694): Se ha creado el archivo de log con exito.

[INFO] 16:27:46:094 Consola/(13694:13694): IP_KERNEL: 127.0.0.1
[INFO] 16:27:46:094 Consola/(13694:13694): PUERTO_KERNEL: 8000
[DEBUG] 16:27:46:094 Consola/(13694:13694): Se ha leido el archivo de config con exito.
[INFO] 16:27:46:094 Consola/(13694:13694): Se han ingresado 2 parametros:
[INFO] 16:27:46:094 Consola/(13694:13694): Filepath = "instrucciones_ejemplo.txt"
[INFO] 16:27:46:095 Consola/(13694:13694): Tamanio proceso = 3
[DEBUG] 16:27:46:095 Consola/(13694:13694): Se ha abierto el archivo de instrucciones con exito.
[ERROR] 16:27:46:095 Consola/(13694:13694): Fallo al conectar al servidor
[ERROR] 16:27:46:095 Consola/(13694:13694): Error al intentar conectar con kernel. Finalizando...
[DEBUG] 16:27:59:754 Consola/(13724:13724): Se ha creado el archivo de log con exito.

[INFO] 16:27:59:755 Consola/(13724:13724): IP_KERNEL: 127.0.0.1
[INFO] 16:27:59:756 Consola/(13724:13724): PUERTO_KERNEL: 8000
[DEBUG] 16:27:59:756 Consola/(13724:13724): Se ha leido el archivo de config con exito.
[INFO] 16:27:59:756 Consola/(13724:13724): Se han ingresado 2 parametros:
[INFO] 16:27:59:756 Consola/(13724:13724): Filepath = "instrucciones_ejemplo.txt"
[INFO] 16:27:59:756 Consola/(13724:13724): Tamanio proceso = 3
[DEBUG] 16:27:59:756 Consola/(13724:13724): Se ha abierto el archivo de instrucciones con exito.
[ERROR] 16:27:59:756 Consola/(13724:13724): Fallo al conectar al servidor
[ERROR] 16:27:59:757 Consola/(13724:13724): Error al intentar conectar con kernel. Finalizando...
[DEBUG] 16:35:38:860 Consola/(14324:14324): Se ha creado el archivo de log con exito.

[INFO] 16:35:38:860 Consola/(14324:14324): IP_KERNEL: 127.0.0.1
[INFO] 16:35:38:860 Consola/(14324:14324): PUERTO_KERNEL: 8000
[DEBUG] 16:35:38:860 Consola/(14324:14324): Se ha leido el archivo de config con exito.
[INFO] 16:35:38:861 Consola/(14324:14324): Se han ingresado 2 parametros:
[INFO] 16:35:38:861 Consola/(14324:14324): Filepath = "instrucciones_ejemplo.txt"
[INFO] 16:35:38:861 Consola/(14324:14324): Tamanio proceso = 3
[DEBUG] 16:35:38:861 Consola/(14324:14324): Se ha abierto el archivo de instrucciones con exito.
[INFO] 16:35:38:861 Consola/(14324:14324): Conectandose a 127.0.0.1

[INFO] 16:35:38:864 Consola/(14324:14324): Instruccion numero 1: 
[INFO] 16:35:38:865 Consola/(14324:14324): NO_OP 5
[INFO] 16:35:38:865 Consola/(14324:14324): Instruccion numero 2: 
[INFO] 16:35:38:865 Consola/(14324:14324): I/O 3000
[INFO] 16:35:38:865 Consola/(14324:14324): Instruccion numero 3: 
[INFO] 16:35:38:865 Consola/(14324:14324): READ 0
[INFO] 16:35:38:866 Consola/(14324:14324): Instruccion numero 4: 
[INFO] 16:35:38:866 Consola/(14324:14324): WRITE 4 42
[INFO] 16:35:38:866 Consola/(14324:14324): Instruccion numero 5: 
[INFO] 16:35:38:866 Consola/(14324:14324): COPY 0 4
[INFO] 16:35:38:866 Consola/(14324:14324): Instruccion numero 6: 
[INFO] 16:35:38:867 Consola/(14324:14324): EXIT
[DEBUG] 16:35:38:868 Consola/(14324:14324): Se ha terminado de ejecutar el programa. Finalizando.
